# JRE version: OpenJDK Runtime Environment (8.0_152-b01) (build 1.8.0_152-release-915-b01)
# Java VM: OpenJDK 64-Bit Server VM (25.152-b01 mixed mode windows-amd64 compressed oops)
Heap:
 PSYoungGen      total 401408K, used 296969K [0x00000000e0000000, 0x0000000100000000, 0x0000000100000000)
  eden space 292864K, 77% used [0x00000000e0000000,0x00000000ede62e88,0x00000000f1e00000)
  from space 108544K, 63% used [0x00000000f9600000,0x00000000fd99f690,0x0000000100000000)
  to   space 115712K, 0% used [0x00000000f1e00000,0x00000000f1e00000,0x00000000f8f00000)
 ParOldGen       total 810496K, used 321249K [0x00000000a0000000, 0x00000000d1780000, 0x00000000e0000000)
  object space 810496K, 39% used [0x00000000a0000000,0x00000000b39b8418,0x00000000d1780000)
 Metaspace       used 107687K, capacity 111988K, committed 127448K, reserved 1161216K
  class space    used 12702K, capacity 13703K, committed 16128K, reserved 1048576K
GC Heap History (10 events):
Event: 3297.585 GC heap before
{Heap before GC invocations=61 (full 6):
 PSYoungGen      total 423936K, used 328832K [0x00000000e0000000, 0x00000000ffa80000, 0x0000000100000000)
  eden space 328704K, 100% used [0x00000000e0000000,0x00000000f4100000,0x00000000f4100000)
  from space 95232K, 0% used [0x00000000f9d80000,0x00000000f9da0000,0x00000000ffa80000)
  to   space 94720K, 0% used [0x00000000f4100000,0x00000000f4100000,0x00000000f9d80000)
 ParOldGen       total 1048576K, used 886696K [0x00000000a0000000, 0x00000000e0000000, 0x00000000e0000000)
  object space 1048576K, 84% used [0x00000000a0000000,0x00000000d61ea038,0x00000000e0000000)
 Metaspace       used 121278K, capacity 126232K, committed 126936K, reserved 1161216K
  class space    used 14409K, capacity 15461K, committed 15616K, reserved 1048576K
Event: 3297.610 GC heap after
Heap after GC invocations=61 (full 6):
 PSYoungGen      total 423424K, used 14869K [0x00000000e0000000, 0x00000000ff480000, 0x0000000100000000)
  eden space 328704K, 0% used [0x00000000e0000000,0x00000000e0000000,0x00000000f4100000)
  from space 94720K, 15% used [0x00000000f4100000,0x00000000f4f855d8,0x00000000f9d80000)
  to   space 89088K, 0% used [0x00000000f9d80000,0x00000000f9d80000,0x00000000ff480000)
 ParOldGen       total 1048576K, used 886728K [0x00000000a0000000, 0x00000000e0000000, 0x00000000e0000000)
  object space 1048576K, 84% used [0x00000000a0000000,0x00000000d61f2038,0x00000000e0000000)
 Metaspace       used 121278K, capacity 126232K, committed 126936K, reserved 1161216K
  class space    used 14409K, capacity 15461K, committed 15616K, reserved 1048576K
}
Event: 3301.882 GC heap before
{Heap before GC invocations=62 (full 6):
 PSYoungGen      total 423424K, used 343573K [0x00000000e0000000, 0x00000000ff480000, 0x0000000100000000)
  eden space 328704K, 100% used [0x00000000e0000000,0x00000000f4100000,0x00000000f4100000)
  from space 94720K, 15% used [0x00000000f4100000,0x00000000f4f855d8,0x00000000f9d80000)
  to   space 89088K, 0% used [0x00000000f9d80000,0x00000000f9d80000,0x00000000ff480000)
 ParOldGen       total 1048576K, used 886728K [0x00000000a0000000, 0x00000000e0000000, 0x00000000e0000000)
  object space 1048576K, 84% used [0x00000000a0000000,0x00000000d61f2038,0x00000000e0000000)
 Metaspace       used 125146K, capacity 130178K, committed 130776K, reserved 1163264K
  class space    used 14814K, capacity 15908K, committed 16128K, reserved 1048576K
Event: 3301.983 GC heap after
Heap after GC invocations=62 (full 6):
 PSYoungGen      total 388096K, used 89062K [0x00000000e0000000, 0x0000000100000000, 0x0000000100000000)
  eden space 299008K, 0% used [0x00000000e0000000,0x00000000e0000000,0x00000000f2400000)
  from space 89088K, 99% used [0x00000000f9d80000,0x00000000ff479970,0x00000000ff480000)
  to   space 112640K, 0% used [0x00000000f2400000,0x00000000f2400000,0x00000000f9200000)
 ParOldGen       total 1048576K, used 902328K [0x00000000a0000000, 0x00000000e0000000, 0x00000000e0000000)
  object space 1048576K, 86% used [0x00000000a0000000,0x00000000d712e380,0x00000000e0000000)
 Metaspace       used 125146K, capacity 130178K, committed 130776K, reserved 1163264K
  class space    used 14814K, capacity 15908K, committed 16128K, reserved 1048576K
}
Event: 3302.765 GC heap before
{Heap before GC invocations=63 (full 6):
 PSYoungGen      total 388096K, used 388070K [0x00000000e0000000, 0x0000000100000000, 0x0000000100000000)
  eden space 299008K, 100% used [0x00000000e0000000,0x00000000f2400000,0x00000000f2400000)
  from space 89088K, 99% used [0x00000000f9d80000,0x00000000ff479970,0x00000000ff480000)
  to   space 112640K, 0% used [0x00000000f2400000,0x00000000f2400000,0x00000000f9200000)
 ParOldGen       total 1048576K, used 902328K [0x00000000a0000000, 0x00000000e0000000, 0x00000000e0000000)
  object space 1048576K, 86% used [0x00000000a0000000,0x00000000d712e380,0x00000000e0000000)
 Metaspace       used 125963K, capacity 131006K, committed 131544K, reserved 1165312K
  class space    used 14940K, capacity 16008K, committed 16128K, reserved 1048576K
Event: 3302.834 GC heap after
Heap after GC invocations=63 (full 6):
 PSYoungGen      total 411648K, used 6880K [0x00000000e0000000, 0x0000000100000000, 0x0000000100000000)
  eden space 299008K, 0% used [0x00000000e0000000,0x00000000e0000000,0x00000000f2400000)
  from space 112640K, 6% used [0x00000000f2400000,0x00000000f2ab8000,0x00000000f9200000)
  to   space 108544K, 0% used [0x00000000f9600000,0x00000000f9600000,0x0000000100000000)
 ParOldGen       total 1048576K, used 989680K [0x00000000a0000000, 0x00000000e0000000, 0x00000000e0000000)
  object space 1048576K, 94% used [0x00000000a0000000,0x00000000dc67c338,0x00000000e0000000)
 Metaspace       used 125963K, capacity 131006K, committed 131544K, reserved 1165312K
  class space    used 14940K, capacity 16008K, committed 16128K, reserved 1048576K
}
Event: 3302.834 GC heap before
{Heap before GC invocations=64 (full 7):
 PSYoungGen      total 411648K, used 6880K [0x00000000e0000000, 0x0000000100000000, 0x0000000100000000)
  eden space 299008K, 0% used [0x00000000e0000000,0x00000000e0000000,0x00000000f2400000)
  from space 112640K, 6% used [0x00000000f2400000,0x00000000f2ab8000,0x00000000f9200000)
  to   space 108544K, 0% used [0x00000000f9600000,0x00000000f9600000,0x0000000100000000)
 ParOldGen       total 1048576K, used 989680K [0x00000000a0000000, 0x00000000e0000000, 0x00000000e0000000)
  object space 1048576K, 94% used [0x00000000a0000000,0x00000000dc67c338,0x00000000e0000000)
 Metaspace       used 125963K, capacity 131006K, committed 131544K, reserved 1165312K
  class space    used 14940K, capacity 16008K, committed 16128K, reserved 1048576K
Event: 3304.204 GC heap after
Heap after GC invocations=64 (full 7):
 PSYoungGen      total 411648K, used 0K [0x00000000e0000000, 0x0000000100000000, 0x0000000100000000)
  eden space 299008K, 0% used [0x00000000e0000000,0x00000000e0000000,0x00000000f2400000)
  from space 112640K, 0% used [0x00000000f2400000,0x00000000f2400000,0x00000000f9200000)
  to   space 108544K, 0% used [0x00000000f9600000,0x00000000f9600000,0x0000000100000000)
 ParOldGen       total 810496K, used 321249K [0x00000000a0000000, 0x00000000d1780000, 0x00000000e0000000)
  object space 810496K, 39% used [0x00000000a0000000,0x00000000b39b8418,0x00000000d1780000)
 Metaspace       used 107478K, capacity 111784K, committed 127448K, reserved 1161216K
  class space    used 12664K, capacity 13637K, committed 16128K, reserved 1048576K
}
Event: 3305.963 GC heap before
{Heap before GC invocations=65 (full 7):
 PSYoungGen      total 411648K, used 299008K [0x00000000e0000000, 0x0000000100000000, 0x0000000100000000)
  eden space 299008K, 100% used [0x00000000e0000000,0x00000000f2400000,0x00000000f2400000)
  from space 112640K, 0% used [0x00000000f2400000,0x00000000f2400000,0x00000000f9200000)
  to   space 108544K, 0% used [0x00000000f9600000,0x00000000f9600000,0x0000000100000000)
 ParOldGen       total 810496K, used 321249K [0x00000000a0000000, 0x00000000d1780000, 0x00000000e0000000)
  object space 810496K, 39% used [0x00000000a0000000,0x00000000b39b8418,0x00000000d1780000)
 Metaspace       used 107632K, capacity 111892K, committed 127448K, reserved 1161216K
  class space    used 12695K, capacity 13671K, committed 16128K, reserved 1048576K
Event: 3306.023 GC heap after
Heap after GC invocations=65 (full 7):
 PSYoungGen      total 401408K, used 69245K [0x00000000e0000000, 0x0000000100000000, 0x0000000100000000)
  eden space 292864K, 0% used [0x00000000e0000000,0x00000000e0000000,0x00000000f1e00000)
  from space 108544K, 63% used [0x00000000f9600000,0x00000000fd99f690,0x0000000100000000)
  to   space 115712K, 0% used [0x00000000f1e00000,0x00000000f1e00000,0x00000000f8f00000)
 ParOldGen       total 810496K, used 321249K [0x00000000a0000000, 0x00000000d1780000, 0x00000000e0000000)
  object space 810496K, 39% used [0x00000000a0000000,0x00000000b39b8418,0x00000000d1780000)
 Metaspace       used 107632K, capacity 111892K, committed 127448K, reserved 1161216K
  class space    used 12695K, capacity 13671K, committed 16128K, reserved 1048576K
}

